2025-02-05 03:08:17,129 - ERROR - Request failed for https://www.devicespecifications.com/en/model/79072f58: HTTPSConnectionPool(host='www.devicespecifications.com', port=443): Max retries exceeded with url: /en/model/79072f58 (Caused by ConnectTimeoutError(<urllib3.connection.HTTPSConnection object at 0x000001A98F9D8910>, 'Connection to www.devicespecifications.com timed out. (connect timeout=10)'))
2025-02-05 03:08:17,130 - ERROR - Failed to get specs for https://www.devicespecifications.com/en/model/79072f58: HTTPSConnectionPool(host='www.devicespecifications.com', port=443): Max retries exceeded with url: /en/model/79072f58 (Caused by ConnectTimeoutError(<urllib3.connection.HTTPSConnection object at 0x000001A98F9D8910>, 'Connection to www.devicespecifications.com timed out. (connect timeout=10)'))
2025-02-05 03:08:17,131 - ERROR - {"brand": "Alcatel", "device": "OneTouch Pop 2 (4.5)", "url": "https://www.devicespecifications.com/en/model/79072f58", "error": "HTTPSConnectionPool(host='www.devicespecifications.com', port=443): Max retries exceeded with url: /en/model/79072f58 (Caused by ConnectTimeoutError(<urllib3.connection.HTTPSConnection object at 0x000001A98F9D8910>, 'Connection to www.devicespecifications.com timed out. (connect timeout=10)'))", "timestamp": "2025-02-05T03:08:17.131792"}
2025-02-07 21:14:57,090 - ERROR - Failed to save progress: "Attempt to overwrite 'extra_info' in LogRecord" - {}
2025-02-07 21:30:03,929 - ERROR - Request failed for https://www.devicespecifications.com/en/model/49a040ab: HTTPSConnectionPool(host='www.devicespecifications.com', port=443): Max retries exceeded with url: /en/model/49a040ab (Caused by ReadTimeoutError("HTTPSConnectionPool(host='www.devicespecifications.com', port=443): Read timed out. (read timeout=10)"))
2025-02-07 21:30:03,929 - ERROR - Failed to get specs for https://www.devicespecifications.com/en/model/49a040ab: HTTPSConnectionPool(host='www.devicespecifications.com', port=443): Max retries exceeded with url: /en/model/49a040ab (Caused by ReadTimeoutError("HTTPSConnectionPool(host='www.devicespecifications.com', port=443): Read timed out. (read timeout=10)"))
2025-02-07 21:30:03,930 - ERROR - Failed to save progress: "Attempt to overwrite 'extra_info' in LogRecord"
2025-02-07 21:53:08,058 - ERROR - Request failed for https://www.devicespecifications.com/en/model/49a040ab: Failed to parse: http://184.73.68.87:11http://3.255.250.250:11http://15.236.203.245:3128http://3.212.148.199:3128
2025-02-07 21:53:08,058 - ERROR - Failed to get specs for https://www.devicespecifications.com/en/model/49a040ab: Failed to parse: http://184.73.68.87:11http://3.255.250.250:11http://15.236.203.245:3128http://3.212.148.199:3128
2025-02-07 21:53:08,059 - ERROR - Failed to save progress: "Attempt to overwrite 'extra_info' in LogRecord"
2025-02-07 21:53:46,531 - ERROR - Request failed for https://www.devicespecifications.com/en/model/49a040ab: HTTPSConnectionPool(host='www.devicespecifications.com', port=443): Max retries exceeded with url: /en/model/49a040ab (Caused by SSLError(SSLCertVerificationError(1, '[SSL: CERTIFICATE_VERIFY_FAILED] certificate verify failed: unable to get local issuer certificate (_ssl.c:1020)')))
2025-02-07 21:53:46,531 - ERROR - Failed to get specs for https://www.devicespecifications.com/en/model/49a040ab: HTTPSConnectionPool(host='www.devicespecifications.com', port=443): Max retries exceeded with url: /en/model/49a040ab (Caused by SSLError(SSLCertVerificationError(1, '[SSL: CERTIFICATE_VERIFY_FAILED] certificate verify failed: unable to get local issuer certificate (_ssl.c:1020)')))
2025-02-07 21:53:46,532 - ERROR - Failed to save progress: "Attempt to overwrite 'extra_info' in LogRecord"
2025-02-07 21:54:23,244 - ERROR - Request failed for https://www.devicespecifications.com/en/model/49a040ab: HTTPSConnectionPool(host='www.devicespecifications.com', port=443): Max retries exceeded with url: /en/model/49a040ab (Caused by ProxyError('Unable to connect to proxy', SSLError(SSLCertVerificationError(1, '[SSL: CERTIFICATE_VERIFY_FAILED] certificate verify failed: unable to get local issuer certificate (_ssl.c:1020)'))))
2025-02-07 21:54:23,244 - ERROR - Failed to get specs for https://www.devicespecifications.com/en/model/49a040ab: HTTPSConnectionPool(host='www.devicespecifications.com', port=443): Max retries exceeded with url: /en/model/49a040ab (Caused by ProxyError('Unable to connect to proxy', SSLError(SSLCertVerificationError(1, '[SSL: CERTIFICATE_VERIFY_FAILED] certificate verify failed: unable to get local issuer certificate (_ssl.c:1020)'))))
2025-02-07 21:54:23,245 - ERROR - Failed to save progress: "Attempt to overwrite 'extra_info' in LogRecord"
2025-02-07 21:59:26,275 - ERROR - Request failed for https://www.devicespecifications.com/en/model/49a040ab: HTTPSConnectionPool(host='www.devicespecifications.com', port=443): Max retries exceeded with url: /en/model/49a040ab (Caused by SSLError(SSLCertVerificationError(1, '[SSL: CERTIFICATE_VERIFY_FAILED] certificate verify failed: unable to get local issuer certificate (_ssl.c:1020)')))
2025-02-07 21:59:26,275 - ERROR - Failed to get specs for https://www.devicespecifications.com/en/model/49a040ab: HTTPSConnectionPool(host='www.devicespecifications.com', port=443): Max retries exceeded with url: /en/model/49a040ab (Caused by SSLError(SSLCertVerificationError(1, '[SSL: CERTIFICATE_VERIFY_FAILED] certificate verify failed: unable to get local issuer certificate (_ssl.c:1020)')))
2025-02-07 21:59:26,276 - ERROR - Failed to save progress: "Attempt to overwrite 'extra_info' in LogRecord"
2025-02-07 22:05:25,990 - ERROR - Request failed for https://www.devicespecifications.com/en/model/49a040ab: HTTPSConnectionPool(host='www.devicespecifications.com', port=443): Max retries exceeded with url: /en/model/49a040ab (Caused by SSLError(SSLCertVerificationError(1, '[SSL: CERTIFICATE_VERIFY_FAILED] certificate verify failed: unable to get local issuer certificate (_ssl.c:1020)')))
2025-02-07 22:05:25,990 - ERROR - Failed to get specs for https://www.devicespecifications.com/en/model/49a040ab: HTTPSConnectionPool(host='www.devicespecifications.com', port=443): Max retries exceeded with url: /en/model/49a040ab (Caused by SSLError(SSLCertVerificationError(1, '[SSL: CERTIFICATE_VERIFY_FAILED] certificate verify failed: unable to get local issuer certificate (_ssl.c:1020)')))
2025-02-07 22:05:25,991 - ERROR - Failed to save progress: "Attempt to overwrite 'extra_info' in LogRecord"
2025-02-07 22:08:07,975 - ERROR - Request failed for https://www.devicespecifications.com/en/model/49a040ab: HTTPSConnectionPool(host='www.devicespecifications.com', port=443): Max retries exceeded with url: /en/model/49a040ab (Caused by SSLError(SSLCertVerificationError(1, '[SSL: CERTIFICATE_VERIFY_FAILED] certificate verify failed: unable to get local issuer certificate (_ssl.c:1020)')))
2025-02-07 22:08:07,975 - ERROR - Failed to get specs for https://www.devicespecifications.com/en/model/49a040ab: HTTPSConnectionPool(host='www.devicespecifications.com', port=443): Max retries exceeded with url: /en/model/49a040ab (Caused by SSLError(SSLCertVerificationError(1, '[SSL: CERTIFICATE_VERIFY_FAILED] certificate verify failed: unable to get local issuer certificate (_ssl.c:1020)')))
2025-02-07 22:08:07,977 - ERROR - Failed to save progress: "Attempt to overwrite 'extra_info' in LogRecord"
2025-02-07 22:09:32,713 - ERROR - Failed to get specs for https://www.devicespecifications.com/en/model/49a040ab: 'NoneType' object has no attribute 'find_all'
2025-02-07 22:09:32,715 - ERROR - Failed to save progress: "Attempt to overwrite 'extra_info' in LogRecord"
2025-02-07 22:15:29,804 - ERROR - Request failed for https://www.devicespecifications.com/en/model/49a040ab: HTTPSConnectionPool(host='www.devicespecifications.com', port=443): Max retries exceeded with url: /en/model/49a040ab (Caused by SSLError(SSLCertVerificationError(1, '[SSL: CERTIFICATE_VERIFY_FAILED] certificate verify failed: unable to get local issuer certificate (_ssl.c:1020)')))
2025-02-07 22:15:29,804 - ERROR - Failed to get specs for https://www.devicespecifications.com/en/model/49a040ab: HTTPSConnectionPool(host='www.devicespecifications.com', port=443): Max retries exceeded with url: /en/model/49a040ab (Caused by SSLError(SSLCertVerificationError(1, '[SSL: CERTIFICATE_VERIFY_FAILED] certificate verify failed: unable to get local issuer certificate (_ssl.c:1020)')))
2025-02-07 22:15:29,805 - ERROR - Failed to save progress: "Attempt to overwrite 'extra_info' in LogRecord"
2025-02-07 23:02:09,960 - ERROR - Request failed for https://www.devicespecifications.com/en/model/49a040ab: HTTPSConnectionPool(host='www.devicespecifications.com', port=443): Max retries exceeded with url: /en/model/49a040ab (Caused by SSLError(SSLCertVerificationError(1, '[SSL: CERTIFICATE_VERIFY_FAILED] certificate verify failed: unable to get local issuer certificate (_ssl.c:1020)')))
2025-02-07 23:02:09,960 - ERROR - Failed to get specs for https://www.devicespecifications.com/en/model/49a040ab: HTTPSConnectionPool(host='www.devicespecifications.com', port=443): Max retries exceeded with url: /en/model/49a040ab (Caused by SSLError(SSLCertVerificationError(1, '[SSL: CERTIFICATE_VERIFY_FAILED] certificate verify failed: unable to get local issuer certificate (_ssl.c:1020)')))
2025-02-07 23:02:09,963 - ERROR - Failed to save progress: "Attempt to overwrite 'extra_info' in LogRecord"
2025-02-07 23:03:02,232 - ERROR - Request failed for https://www.devicespecifications.com/en/model/49a040ab: HTTPSConnectionPool(host='www.devicespecifications.com', port=443): Max retries exceeded with url: /en/model/49a040ab (Caused by SSLError(SSLCertVerificationError(1, '[SSL: CERTIFICATE_VERIFY_FAILED] certificate verify failed: unable to get local issuer certificate (_ssl.c:1020)')))
2025-02-07 23:03:02,233 - ERROR - Failed to get specs for https://www.devicespecifications.com/en/model/49a040ab: HTTPSConnectionPool(host='www.devicespecifications.com', port=443): Max retries exceeded with url: /en/model/49a040ab (Caused by SSLError(SSLCertVerificationError(1, '[SSL: CERTIFICATE_VERIFY_FAILED] certificate verify failed: unable to get local issuer certificate (_ssl.c:1020)')))
2025-02-07 23:03:02,234 - ERROR - Failed to save progress: "Attempt to overwrite 'extra_info' in LogRecord"
2025-02-07 23:16:47,437 - ERROR - Request failed for https://www.devicespecifications.com/en/model/49a040ab: HTTPSConnectionPool(host='www.devicespecifications.com', port=443): Max retries exceeded with url: /en/model/49a040ab (Caused by SSLError(SSLCertVerificationError(1, '[SSL: CERTIFICATE_VERIFY_FAILED] certificate verify failed: unable to get local issuer certificate (_ssl.c:1020)')))
2025-02-07 23:16:47,437 - ERROR - Failed to get specs for https://www.devicespecifications.com/en/model/49a040ab: HTTPSConnectionPool(host='www.devicespecifications.com', port=443): Max retries exceeded with url: /en/model/49a040ab (Caused by SSLError(SSLCertVerificationError(1, '[SSL: CERTIFICATE_VERIFY_FAILED] certificate verify failed: unable to get local issuer certificate (_ssl.c:1020)')))
2025-02-07 23:16:47,438 - ERROR - Failed to save progress: "Attempt to overwrite 'extra_info' in LogRecord"
2025-02-07 23:23:29,147 - ERROR - Request failed for https://www.devicespecifications.com/en/model/49a040ab: HTTPSConnectionPool(host='www.devicespecifications.com', port=443): Max retries exceeded with url: /en/model/49a040ab (Caused by ProxyError('Unable to connect to proxy', OSError('Tunnel connection failed: 502 Bad Gateway')))
2025-02-07 23:23:29,148 - ERROR - Failed to get specs for https://www.devicespecifications.com/en/model/49a040ab: HTTPSConnectionPool(host='www.devicespecifications.com', port=443): Max retries exceeded with url: /en/model/49a040ab (Caused by ProxyError('Unable to connect to proxy', OSError('Tunnel connection failed: 502 Bad Gateway')))
2025-02-07 23:23:29,149 - ERROR - Failed to save progress: "Attempt to overwrite 'extra_info' in LogRecord"
2025-02-07 23:42:50,856 - ERROR - Request failed for https://www.devicespecifications.com/en/model/47432b0f: HTTPSConnectionPool(host='www.devicespecifications.com', port=443): Max retries exceeded with url: /en/model/47432b0f (Caused by ReadTimeoutError("HTTPSConnectionPool(host='www.devicespecifications.com', port=443): Read timed out. (read timeout=10)"))
2025-02-07 23:42:50,856 - ERROR - Failed to get specs for https://www.devicespecifications.com/en/model/47432b0f: HTTPSConnectionPool(host='www.devicespecifications.com', port=443): Max retries exceeded with url: /en/model/47432b0f (Caused by ReadTimeoutError("HTTPSConnectionPool(host='www.devicespecifications.com', port=443): Read timed out. (read timeout=10)"))
2025-02-07 23:42:50,868 - ERROR - Failed to save progress: "Attempt to overwrite 'extra_info' in LogRecord"
2025-02-07 23:49:15,185 - ERROR - Request failed for https://www.devicespecifications.com/en/model/ee8c55da: HTTPSConnectionPool(host='www.devicespecifications.com', port=443): Max retries exceeded with url: /en/model/ee8c55da (Caused by ReadTimeoutError("HTTPSConnectionPool(host='www.devicespecifications.com', port=443): Read timed out. (read timeout=10)"))
2025-02-07 23:49:15,186 - ERROR - Failed to get specs for https://www.devicespecifications.com/en/model/ee8c55da: HTTPSConnectionPool(host='www.devicespecifications.com', port=443): Max retries exceeded with url: /en/model/ee8c55da (Caused by ReadTimeoutError("HTTPSConnectionPool(host='www.devicespecifications.com', port=443): Read timed out. (read timeout=10)"))
2025-02-07 23:49:15,188 - ERROR - Failed to save progress: "Attempt to overwrite 'extra_info' in LogRecord"
2025-02-08 17:41:13,766 - ERROR - Request failed for https://www.devicespecifications.com/en/model/f22f5eaa: HTTPSConnectionPool(host='www.devicespecifications.com', port=443): Max retries exceeded with url: /en/model/f22f5eaa (Caused by ReadTimeoutError("HTTPSConnectionPool(host='www.devicespecifications.com', port=443): Read timed out. (read timeout=10)"))
2025-02-08 17:41:13,778 - ERROR - Failed to get specs for https://www.devicespecifications.com/en/model/f22f5eaa: HTTPSConnectionPool(host='www.devicespecifications.com', port=443): Max retries exceeded with url: /en/model/f22f5eaa (Caused by ReadTimeoutError("HTTPSConnectionPool(host='www.devicespecifications.com', port=443): Read timed out. (read timeout=10)"))
2025-02-08 17:41:13,781 - ERROR - Failed to save progress: "Attempt to overwrite 'extra_info' in LogRecord"
2025-02-08 21:30:50,553 - ERROR - Request failed for https://www.devicespecifications.com/en/model/74824698: HTTPSConnectionPool(host='www.devicespecifications.com', port=443): Max retries exceeded with url: /en/model/74824698 (Caused by ReadTimeoutError("HTTPSConnectionPool(host='www.devicespecifications.com', port=443): Read timed out. (read timeout=10)"))
2025-02-08 21:30:50,554 - ERROR - Failed to get specs for https://www.devicespecifications.com/en/model/74824698: HTTPSConnectionPool(host='www.devicespecifications.com', port=443): Max retries exceeded with url: /en/model/74824698 (Caused by ReadTimeoutError("HTTPSConnectionPool(host='www.devicespecifications.com', port=443): Read timed out. (read timeout=10)"))
2025-02-08 21:30:50,569 - ERROR - Failed to save progress: "Attempt to overwrite 'extra_info' in LogRecord"
2025-02-08 21:54:37,519 - ERROR - Request failed for https://www.devicespecifications.com/en/model/09394f33: HTTPSConnectionPool(host='www.devicespecifications.com', port=443): Max retries exceeded with url: /en/model/09394f33 (Caused by ReadTimeoutError("HTTPSConnectionPool(host='www.devicespecifications.com', port=443): Read timed out. (read timeout=10)"))
2025-02-08 21:54:37,520 - ERROR - Failed to get specs for https://www.devicespecifications.com/en/model/09394f33: HTTPSConnectionPool(host='www.devicespecifications.com', port=443): Max retries exceeded with url: /en/model/09394f33 (Caused by ReadTimeoutError("HTTPSConnectionPool(host='www.devicespecifications.com', port=443): Read timed out. (read timeout=10)"))
2025-02-08 21:54:37,564 - ERROR - Failed to save progress: "Attempt to overwrite 'extra_info' in LogRecord"
2025-02-08 21:59:25,930 - ERROR - Request failed for https://www.devicespecifications.com/en/model/0adf46a7: HTTPSConnectionPool(host='www.devicespecifications.com', port=443): Max retries exceeded with url: /en/model/0adf46a7 (Caused by ConnectTimeoutError(<urllib3.connection.HTTPSConnection object at 0x00000295151B4050>, 'Connection to www.devicespecifications.com timed out. (connect timeout=10)'))
2025-02-08 21:59:25,932 - ERROR - Failed to get specs for https://www.devicespecifications.com/en/model/0adf46a7: HTTPSConnectionPool(host='www.devicespecifications.com', port=443): Max retries exceeded with url: /en/model/0adf46a7 (Caused by ConnectTimeoutError(<urllib3.connection.HTTPSConnection object at 0x00000295151B4050>, 'Connection to www.devicespecifications.com timed out. (connect timeout=10)'))
2025-02-08 21:59:25,934 - ERROR - Failed to save progress: "Attempt to overwrite 'extra_info' in LogRecord"
2025-02-08 22:01:29,731 - ERROR - Request failed for https://www.devicespecifications.com/en/model/0a204200: HTTPSConnectionPool(host='www.devicespecifications.com', port=443): Max retries exceeded with url: /en/model/0a204200 (Caused by ConnectTimeoutError(<urllib3.connection.HTTPSConnection object at 0x000001C8DD88A210>, 'Connection to www.devicespecifications.com timed out. (connect timeout=10)'))
2025-02-08 22:01:29,731 - ERROR - Failed to get specs for https://www.devicespecifications.com/en/model/0a204200: HTTPSConnectionPool(host='www.devicespecifications.com', port=443): Max retries exceeded with url: /en/model/0a204200 (Caused by ConnectTimeoutError(<urllib3.connection.HTTPSConnection object at 0x000001C8DD88A210>, 'Connection to www.devicespecifications.com timed out. (connect timeout=10)'))
2025-02-08 22:01:29,744 - ERROR - Failed to save progress: "Attempt to overwrite 'extra_info' in LogRecord"
2025-02-08 22:15:24,976 - ERROR - Request failed for https://www.devicespecifications.com/en/model/bb4d4ef3: HTTPSConnectionPool(host='www.devicespecifications.com', port=443): Max retries exceeded with url: /en/model/bb4d4ef3 (Caused by ReadTimeoutError("HTTPSConnectionPool(host='www.devicespecifications.com', port=443): Read timed out. (read timeout=10)"))
2025-02-08 22:15:24,976 - ERROR - Failed to get specs for https://www.devicespecifications.com/en/model/bb4d4ef3: HTTPSConnectionPool(host='www.devicespecifications.com', port=443): Max retries exceeded with url: /en/model/bb4d4ef3 (Caused by ReadTimeoutError("HTTPSConnectionPool(host='www.devicespecifications.com', port=443): Read timed out. (read timeout=10)"))
2025-02-08 22:15:24,978 - ERROR - Failed to save progress: "Attempt to overwrite 'extra_info' in LogRecord"
2025-02-09 03:20:30,487 - ERROR - Request failed for https://www.devicespecifications.com/en/model/c7793809: HTTPSConnectionPool(host='www.devicespecifications.com', port=443): Max retries exceeded with url: /en/model/c7793809 (Caused by ReadTimeoutError("HTTPSConnectionPool(host='www.devicespecifications.com', port=443): Read timed out. (read timeout=10)"))
2025-02-09 03:20:30,487 - ERROR - Failed to get specs for https://www.devicespecifications.com/en/model/c7793809: HTTPSConnectionPool(host='www.devicespecifications.com', port=443): Max retries exceeded with url: /en/model/c7793809 (Caused by ReadTimeoutError("HTTPSConnectionPool(host='www.devicespecifications.com', port=443): Read timed out. (read timeout=10)"))
2025-02-09 03:20:30,501 - ERROR - Failed to save progress: "Attempt to overwrite 'extra_info' in LogRecord"
2025-02-09 03:34:10,092 - ERROR - Request failed for https://www.devicespecifications.com/en/model/c389434e: HTTPSConnectionPool(host='www.devicespecifications.com', port=443): Max retries exceeded with url: /en/model/c389434e (Caused by ReadTimeoutError("HTTPSConnectionPool(host='www.devicespecifications.com', port=443): Read timed out. (read timeout=10)"))
2025-02-09 03:34:10,105 - ERROR - Failed to get specs for https://www.devicespecifications.com/en/model/c389434e: HTTPSConnectionPool(host='www.devicespecifications.com', port=443): Max retries exceeded with url: /en/model/c389434e (Caused by ReadTimeoutError("HTTPSConnectionPool(host='www.devicespecifications.com', port=443): Read timed out. (read timeout=10)"))
2025-02-09 03:34:10,108 - ERROR - Failed to save progress: "Attempt to overwrite 'extra_info' in LogRecord"
2025-02-09 03:41:10,593 - ERROR - Request failed for https://www.devicespecifications.com/en/model/a06051ca: HTTPSConnectionPool(host='www.devicespecifications.com', port=443): Max retries exceeded with url: /en/model/a06051ca (Caused by ConnectTimeoutError(<urllib3.connection.HTTPSConnection object at 0x000001BA8AED9450>, 'Connection to www.devicespecifications.com timed out. (connect timeout=10)'))
2025-02-09 03:41:10,594 - ERROR - Failed to get specs for https://www.devicespecifications.com/en/model/a06051ca: HTTPSConnectionPool(host='www.devicespecifications.com', port=443): Max retries exceeded with url: /en/model/a06051ca (Caused by ConnectTimeoutError(<urllib3.connection.HTTPSConnection object at 0x000001BA8AED9450>, 'Connection to www.devicespecifications.com timed out. (connect timeout=10)'))
2025-02-09 03:41:10,595 - ERROR - Failed to save progress: "Attempt to overwrite 'extra_info' in LogRecord"
2025-02-09 06:36:15,284 - ERROR - Request failed for https://www.devicespecifications.com/en/model/c8be33d2: HTTPSConnectionPool(host='www.devicespecifications.com', port=443): Max retries exceeded with url: /en/model/c8be33d2 (Caused by ReadTimeoutError("HTTPSConnectionPool(host='www.devicespecifications.com', port=443): Read timed out. (read timeout=10)"))
2025-02-09 06:36:15,325 - ERROR - Failed to get specs for https://www.devicespecifications.com/en/model/c8be33d2: HTTPSConnectionPool(host='www.devicespecifications.com', port=443): Max retries exceeded with url: /en/model/c8be33d2 (Caused by ReadTimeoutError("HTTPSConnectionPool(host='www.devicespecifications.com', port=443): Read timed out. (read timeout=10)"))
2025-02-09 06:36:15,328 - ERROR - Failed to save progress: "Attempt to overwrite 'extra_info' in LogRecord"
2025-02-09 10:03:26,373 - ERROR - Request failed for https://www.devicespecifications.com/en/model/11384758: HTTPSConnectionPool(host='www.devicespecifications.com', port=443): Max retries exceeded with url: /en/model/11384758 (Caused by ReadTimeoutError("HTTPSConnectionPool(host='www.devicespecifications.com', port=443): Read timed out. (read timeout=10)"))
2025-02-09 10:03:26,374 - ERROR - Failed to get specs for https://www.devicespecifications.com/en/model/11384758: HTTPSConnectionPool(host='www.devicespecifications.com', port=443): Max retries exceeded with url: /en/model/11384758 (Caused by ReadTimeoutError("HTTPSConnectionPool(host='www.devicespecifications.com', port=443): Read timed out. (read timeout=10)"))
2025-02-09 10:03:26,393 - ERROR - Failed to save progress: "Attempt to overwrite 'extra_info' in LogRecord"
2025-02-10 14:53:18,508 - ERROR - Request failed for https://www.devicespecifications.com/en/model/391f4493: HTTPSConnectionPool(host='www.devicespecifications.com', port=443): Max retries exceeded with url: /en/model/391f4493 (Caused by ConnectTimeoutError(<urllib3.connection.HTTPSConnection object at 0x0000016272C2EAD0>, 'Connection to www.devicespecifications.com timed out. (connect timeout=10)'))
2025-02-10 14:53:18,509 - ERROR - Failed to get specs for https://www.devicespecifications.com/en/model/391f4493: HTTPSConnectionPool(host='www.devicespecifications.com', port=443): Max retries exceeded with url: /en/model/391f4493 (Caused by ConnectTimeoutError(<urllib3.connection.HTTPSConnection object at 0x0000016272C2EAD0>, 'Connection to www.devicespecifications.com timed out. (connect timeout=10)'))
2025-02-10 14:53:18,512 - ERROR - Failed to save progress: "Attempt to overwrite 'extra_info' in LogRecord"
2025-02-13 11:46:40,066 - ERROR - Request failed for https://www.devicespecifications.com/en/model/391f4493: HTTPSConnectionPool(host='www.devicespecifications.com', port=443): Max retries exceeded with url: /en/model/391f4493 (Caused by NameResolutionError("<urllib3.connection.HTTPSConnection object at 0x000001EC47E956D0>: Failed to resolve 'www.devicespecifications.com' ([Errno 11001] getaddrinfo failed)"))
2025-02-13 11:46:40,066 - ERROR - Failed to get specs for https://www.devicespecifications.com/en/model/391f4493: HTTPSConnectionPool(host='www.devicespecifications.com', port=443): Max retries exceeded with url: /en/model/391f4493 (Caused by NameResolutionError("<urllib3.connection.HTTPSConnection object at 0x000001EC47E956D0>: Failed to resolve 'www.devicespecifications.com' ([Errno 11001] getaddrinfo failed)"))
2025-02-13 11:46:40,068 - ERROR - Failed to save progress: "Attempt to overwrite 'extra_info' in LogRecord"
2025-02-13 12:01:00,447 - ERROR - Request failed for https://www.devicespecifications.com/en/model/9a8c5740: HTTPSConnectionPool(host='www.devicespecifications.com', port=443): Max retries exceeded with url: /en/model/9a8c5740 (Caused by ConnectTimeoutError(<urllib3.connection.HTTPSConnection object at 0x000001A40579C190>, 'Connection to www.devicespecifications.com timed out. (connect timeout=10)'))
2025-02-13 12:01:00,448 - ERROR - Failed to get specs for https://www.devicespecifications.com/en/model/9a8c5740: HTTPSConnectionPool(host='www.devicespecifications.com', port=443): Max retries exceeded with url: /en/model/9a8c5740 (Caused by ConnectTimeoutError(<urllib3.connection.HTTPSConnection object at 0x000001A40579C190>, 'Connection to www.devicespecifications.com timed out. (connect timeout=10)'))
2025-02-13 12:01:00,450 - ERROR - Failed to save progress: "Attempt to overwrite 'extra_info' in LogRecord"
2025-02-13 12:56:03,695 - ERROR - Request failed for https://www.devicespecifications.com/en/model/7b0c3d81: HTTPSConnectionPool(host='www.devicespecifications.com', port=443): Read timed out.
2025-02-13 12:56:03,735 - ERROR - Failed to get specs for https://www.devicespecifications.com/en/model/7b0c3d81: HTTPSConnectionPool(host='www.devicespecifications.com', port=443): Read timed out.
2025-02-13 12:56:03,738 - ERROR - Failed to save progress: "Attempt to overwrite 'extra_info' in LogRecord"
2025-02-13 13:17:15,363 - ERROR - Request failed for https://www.devicespecifications.com/en/model/278b3fbb: HTTPSConnectionPool(host='www.devicespecifications.com', port=443): Max retries exceeded with url: /en/model/278b3fbb (Caused by ReadTimeoutError("HTTPSConnectionPool(host='www.devicespecifications.com', port=443): Read timed out. (read timeout=10)"))
2025-02-13 13:17:15,387 - ERROR - Failed to get specs for https://www.devicespecifications.com/en/model/278b3fbb: HTTPSConnectionPool(host='www.devicespecifications.com', port=443): Max retries exceeded with url: /en/model/278b3fbb (Caused by ReadTimeoutError("HTTPSConnectionPool(host='www.devicespecifications.com', port=443): Read timed out. (read timeout=10)"))
2025-02-13 13:17:15,389 - ERROR - Failed to save progress: "Attempt to overwrite 'extra_info' in LogRecord"
2025-02-13 13:44:30,566 - ERROR - Request failed for https://www.devicespecifications.com/en/model/2ff153cb: HTTPSConnectionPool(host='www.devicespecifications.com', port=443): Max retries exceeded with url: /en/model/2ff153cb (Caused by ReadTimeoutError("HTTPSConnectionPool(host='www.devicespecifications.com', port=443): Read timed out. (read timeout=10)"))
2025-02-13 13:44:30,567 - ERROR - Failed to get specs for https://www.devicespecifications.com/en/model/2ff153cb: HTTPSConnectionPool(host='www.devicespecifications.com', port=443): Max retries exceeded with url: /en/model/2ff153cb (Caused by ReadTimeoutError("HTTPSConnectionPool(host='www.devicespecifications.com', port=443): Read timed out. (read timeout=10)"))
2025-02-13 13:44:30,569 - ERROR - Failed to save progress: "Attempt to overwrite 'extra_info' in LogRecord"
2025-02-13 14:15:01,072 - ERROR - Request failed for https://www.devicespecifications.com/en/model/16573066: HTTPSConnectionPool(host='www.devicespecifications.com', port=443): Max retries exceeded with url: /en/model/16573066 (Caused by ReadTimeoutError("HTTPSConnectionPool(host='www.devicespecifications.com', port=443): Read timed out. (read timeout=10)"))
2025-02-13 14:15:01,073 - ERROR - Failed to get specs for https://www.devicespecifications.com/en/model/16573066: HTTPSConnectionPool(host='www.devicespecifications.com', port=443): Max retries exceeded with url: /en/model/16573066 (Caused by ReadTimeoutError("HTTPSConnectionPool(host='www.devicespecifications.com', port=443): Read timed out. (read timeout=10)"))
2025-02-13 14:15:01,074 - ERROR - Failed to save progress: "Attempt to overwrite 'extra_info' in LogRecord"
2025-02-13 16:58:26,210 - ERROR - Request failed for https://www.devicespecifications.com/en/model/3f6c3b38: HTTPSConnectionPool(host='www.devicespecifications.com', port=443): Max retries exceeded with url: /en/model/3f6c3b38 (Caused by ReadTimeoutError("HTTPSConnectionPool(host='www.devicespecifications.com', port=443): Read timed out. (read timeout=10)"))
2025-02-13 16:58:26,211 - ERROR - Failed to get specs for https://www.devicespecifications.com/en/model/3f6c3b38: HTTPSConnectionPool(host='www.devicespecifications.com', port=443): Max retries exceeded with url: /en/model/3f6c3b38 (Caused by ReadTimeoutError("HTTPSConnectionPool(host='www.devicespecifications.com', port=443): Read timed out. (read timeout=10)"))
2025-02-13 16:58:26,213 - ERROR - Failed to save progress: "Attempt to overwrite 'extra_info' in LogRecord"
2025-02-15 20:28:54,254 - ERROR - Request failed for https://www.devicespecifications.com/en/model/53bd3f09: HTTPSConnectionPool(host='www.devicespecifications.com', port=443): Max retries exceeded with url: /en/model/53bd3f09 (Caused by ReadTimeoutError("HTTPSConnectionPool(host='www.devicespecifications.com', port=443): Read timed out. (read timeout=10)"))
2025-02-15 20:28:54,297 - ERROR - Failed to get specs for https://www.devicespecifications.com/en/model/53bd3f09: HTTPSConnectionPool(host='www.devicespecifications.com', port=443): Max retries exceeded with url: /en/model/53bd3f09 (Caused by ReadTimeoutError("HTTPSConnectionPool(host='www.devicespecifications.com', port=443): Read timed out. (read timeout=10)"))
2025-02-15 20:28:54,300 - ERROR - Failed to save progress: "Attempt to overwrite 'extra_info' in LogRecord"
